<?xml version="1.0" encoding="UTF-8"?>
<!-- Generated by org.testng.reporters.JUnitReportReporter -->
<testsuite hostname="TABLET-035DO2R9" failures="0" tests="1" name="com.Tests.UITest" time="16.092" errors="0" timestamp="2023-12-30T23:38:22 GMT-06:00" skipped="0">
  <testcase classname="com.Tests.UITest" name="launchBrowser" time="16.092"/>
</testsuite> <!-- com.Tests.UITest -->
