<?xml version="1.0" encoding="UTF-8"?>
<!-- Generated by org.testng.reporters.JUnitReportReporter -->
<testsuite hostname="TABLET-035DO2R9" failures="0" tests="1" name="com.Tests.googleDemo" time="13.059" errors="0" timestamp="2023-12-30T16:45:13 GMT-06:00" skipped="0">
  <testcase classname="com.Tests.googleDemo" name="testA" time="13.059"/>
</testsuite> <!-- com.Tests.googleDemo -->
